Determining if the pthread_create exist failed with the following output:
Change Dir: /tmp/tmp.tTdhs4Uvpv/cmake-build-debug/CMakeFiles/CMakeTmp

Run Build Command:"/usr/bin/make" "cmTC_9f40f/fast"
/usr/bin/make -f CMakeFiles/cmTC_9f40f.dir/build.make CMakeFiles/cmTC_9f40f.dir/build
make[1]: Entering directory '/tmp/tmp.tTdhs4Uvpv/cmake-build-debug/CMakeFiles/CMakeTmp'
Building C object CMakeFiles/cmTC_9f40f.dir/CheckSymbolExists.c.o
/usr/bin/cc     -o CMakeFiles/cmTC_9f40f.dir/CheckSymbolExists.c.o   -c /tmp/tmp.tTdhs4Uvpv/cmake-build-debug/CMakeFiles/CMakeTmp/CheckSymbolExists.c
Linking C executable cmTC_9f40f
/usr/bin/cmake -E cmake_link_script CMakeFiles/cmTC_9f40f.dir/link.txt --verbose=1
/usr/bin/cc       CMakeFiles/cmTC_9f40f.dir/CheckSymbolExists.c.o  -o cmTC_9f40f 
CMakeFiles/cmTC_9f40f.dir/CheckSymbolExists.c.o: In function `main':
CheckSymbolExists.c:(.text+0x14): undefined reference to `pthread_create'
CheckSymbolExists.c:(.text+0x18): undefined reference to `pthread_create'
collect2: error: ld returned 1 exit status
CMakeFiles/cmTC_9f40f.dir/build.make:97: recipe for target 'cmTC_9f40f' failed
make[1]: *** [cmTC_9f40f] Error 1
make[1]: Leaving directory '/tmp/tmp.tTdhs4Uvpv/cmake-build-debug/CMakeFiles/CMakeTmp'
Makefile:126: recipe for target 'cmTC_9f40f/fast' failed
make: *** [cmTC_9f40f/fast] Error 2

File /tmp/tmp.tTdhs4Uvpv/cmake-build-debug/CMakeFiles/CMakeTmp/CheckSymbolExists.c:
/* */
#include <pthread.h>

int main(int argc, char** argv)
{
  (void)argv;
#ifndef pthread_create
  return ((int*)(&pthread_create))[argc];
#else
  (void)argc;
  return 0;
#endif
}

Determining if the function pthread_create exists in the pthreads failed with the following output:
Change Dir: /tmp/tmp.tTdhs4Uvpv/cmake-build-debug/CMakeFiles/CMakeTmp

Run Build Command:"/usr/bin/make" "cmTC_5ace2/fast"
/usr/bin/make -f CMakeFiles/cmTC_5ace2.dir/build.make CMakeFiles/cmTC_5ace2.dir/build
make[1]: Entering directory '/tmp/tmp.tTdhs4Uvpv/cmake-build-debug/CMakeFiles/CMakeTmp'
make[1]: Warning: File '/usr/share/cmake-3.5/Modules/CheckFunctionExists.c' has modification time 3605798 s in the future
Building C object CMakeFiles/cmTC_5ace2.dir/CheckFunctionExists.c.o
/usr/bin/cc    -DCHECK_FUNCTION_EXISTS=pthread_create   -o CMakeFiles/cmTC_5ace2.dir/CheckFunctionExists.c.o   -c /usr/share/cmake-3.5/Modules/CheckFunctionExists.c
Linking C executable cmTC_5ace2
/usr/bin/cmake -E cmake_link_script CMakeFiles/cmTC_5ace2.dir/link.txt --verbose=1
/usr/bin/cc   -DCHECK_FUNCTION_EXISTS=pthread_create    CMakeFiles/cmTC_5ace2.dir/CheckFunctionExists.c.o  -o cmTC_5ace2 -lpthreads 
/usr/bin/ld: cannot find -lpthreads
collect2: error: ld returned 1 exit status
CMakeFiles/cmTC_5ace2.dir/build.make:97: recipe for target 'cmTC_5ace2' failed
make[1]: *** [cmTC_5ace2] Error 1
make[1]: Leaving directory '/tmp/tmp.tTdhs4Uvpv/cmake-build-debug/CMakeFiles/CMakeTmp'
Makefile:126: recipe for target 'cmTC_5ace2/fast' failed
make: *** [cmTC_5ace2/fast] Error 2


